<?xml version="1.0" encoding="UTF-8"?>
<!-- Generated by org.testng.reporters.JUnitReportReporter -->
<testsuite hostname="Gopinath" failures="0" tests="1" name="Homepage.TestNG" time="3.395" errors="0" timestamp="2023-10-21T11:28:21 IST" skipped="0">
  <testcase classname="Homepage.TestNG" name="f" time="3.395"/>
</testsuite> <!-- Homepage.TestNG -->
